<?xml version="1.0" encoding="UTF-8"?>
<robot generator="Robot 5.0 (Python 3.10.4 on win32)" generated="20220506 17:26:52.037" rpa="false" schemaversion="3">
<suite id="s1" name="Demo9 Task3 Suite" source="D:\robotProject\selenium_suite\demo9_task3_suite.robot">
<test id="s1-t1" name="Tc1" line="5">
<kw name="Append To Environment Variable" library="OperatingSystem">
<arg>Path</arg>
<arg>D:\\robotProject\\selenium_suite\\driver</arg>
<doc>Appends given ``values`` to environment variable ``name``.</doc>
<msg timestamp="20220506 17:26:52.729" level="INFO">Environment variable 'Path' set to value 'C:\Program Files\Common Files\Oracle\Java\javapath;C:\Windows\system32;C:\Windows;C:\Windows\System32\Wbem;C:\Windows\System32\WindowsPowerShell\v1.0\;C:\Windows\System32\OpenSSH\;C:\Program Files\dotnet\;C:\msys64\mingw64\bin;C;C;C:\Program Files\Git\cmd;C:\Users\pavan\AppData\Local\Programs\Python\Python310\Scripts\;C:\Users\pavan\AppData\Local\Programs\Python\Python310\;C:\Users\pavan\AppData\Local\Microsoft\WindowsApps;C:\Users\pavan\AppData\Local\Programs\Microsoft VS Code\bin;C:\msys64\mingw64\bin;;D:\robotProject\selenium_suite\driver'.</msg>
<status status="PASS" starttime="20220506 17:26:52.729" endtime="20220506 17:26:52.729"/>
</kw>
<kw name="Open Browser" library="SeleniumLibrary">
<arg>browser=gc</arg>
<doc>Opens a new browser instance to the optional ``url``.</doc>
<msg timestamp="20220506 17:26:52.729" level="INFO">Opening browser 'gc' to base url 'None'.</msg>
<status status="PASS" starttime="20220506 17:26:52.729" endtime="20220506 17:26:58.117"/>
</kw>
<kw name="Maximize Browser Window" library="SeleniumLibrary">
<doc>Maximizes current browser window.</doc>
<status status="PASS" starttime="20220506 17:26:58.117" endtime="20220506 17:26:58.265"/>
</kw>
<kw name="Set Selenium Implicit Wait" library="SeleniumLibrary">
<arg>30s</arg>
<doc>Sets the implicit wait value used by Selenium.</doc>
<status status="PASS" starttime="20220506 17:26:58.265" endtime="20220506 17:26:58.265"/>
</kw>
<kw name="Go To" library="SeleniumLibrary">
<arg>url=https://demo.openemr.io/b/openemr</arg>
<doc>Navigates the current browser window to the provided ``url``.</doc>
<msg timestamp="20220506 17:26:58.265" level="INFO">Opening url 'https://demo.openemr.io/b/openemr'</msg>
<status status="PASS" starttime="20220506 17:26:58.265" endtime="20220506 17:27:30.369"/>
</kw>
<kw name="Input Text" library="SeleniumLibrary">
<arg>id=authUser</arg>
<arg>admin</arg>
<doc>Types the given ``text`` into the text field identified by ``locator``.</doc>
<msg timestamp="20220506 17:27:30.372" level="INFO">Typing text 'admin' into text field 'id=authUser'.</msg>
<msg timestamp="20220506 17:27:30.419" level="WARN">Keyword 'Capture Page Screenshot' could not be run on failure: Message: no such window: target window already closed
from unknown error: web view not found
  (Session info: chrome=101.0.4951.54)
Stacktrace:
Backtrace:
	Ordinal0 [0x004CB8F3+2406643]
	Ordinal0 [0x0045AF31+1945393]
	Ordinal0 [0x0034C748+837448]
	Ordinal0 [0x003342B0+737968]
	Ordinal0 [0x00396C09+1141769]
	Ordinal0 [0x003A3E22+1195554]
	Ordinal0 [0x00394096+1130646]
	Ordinal0 [0x0036E636+976438]
	Ordinal0 [0x0036F546+980294]
	GetHandleVerifier [0x00739612+2498066]
	GetHandleVerifier [0x0072C920+2445600]
	GetHandleVerifier [0x00564F2A+579370]
	GetHandleVerifier [0x00563D36+574774]
	Ordinal0 [0x00461C0B+1973259]
	Ordinal0 [0x00466688+1992328]
	Ordinal0 [0x00466775+1992565]
	Ordinal0 [0x0046F8D1+2029777]
	BaseThreadInitThunk [0x7693FA29+25]
	RtlGetAppContainerNamedObjectPath [0x77A77A7E+286]
	RtlGetAppContainerNamedObjectPath [0x77A77A4E+238]
</msg>
<msg timestamp="20220506 17:27:30.434" level="FAIL">NoSuchWindowException: Message: no such window: target window already closed
from unknown error: web view not found
  (Session info: chrome=101.0.4951.54)
Stacktrace:
Backtrace:
	Ordinal0 [0x004CB8F3+2406643]
	Ordinal0 [0x0045AF31+1945393]
	Ordinal0 [0x0034C748+837448]
	Ordinal0 [0x003342B0+737968]
	Ordinal0 [0x00396C09+1141769]
	Ordinal0 [0x003A3E22+1195554]
	Ordinal0 [0x00394096+1130646]
	Ordinal0 [0x0036E636+976438]
	Ordinal0 [0x0036F546+980294]
	GetHandleVerifier [0x00739612+2498066]
	GetHandleVerifier [0x0072C920+2445600]
	GetHandleVerifier [0x00564F2A+579370]
	GetHandleVerifier [0x00563D36+574774]
	Ordinal0 [0x00461C0B+1973259]
	Ordinal0 [0x00466688+1992328]
	Ordinal0 [0x00466775+1992565]
	Ordinal0 [0x0046F8D1+2029777]
	BaseThreadInitThunk [0x7693FA29+25]
	RtlGetAppContainerNamedObjectPath [0x77A77A7E+286]
	RtlGetAppContainerNamedObjectPath [0x77A77A4E+238]
</msg>
<status status="FAIL" starttime="20220506 17:27:30.371" endtime="20220506 17:27:30.997"/>
</kw>
<kw name="Input Text" library="SeleniumLibrary">
<arg>id=clearPass</arg>
<arg>pass</arg>
<doc>Types the given ``text`` into the text field identified by ``locator``.</doc>
<status status="NOT RUN" starttime="20220506 17:27:30.997" endtime="20220506 17:27:30.997"/>
</kw>
<kw name="Select From List By Value" library="SeleniumLibrary">
<arg>name=languageChoice</arg>
<arg>18</arg>
<doc>Selects options from selection list ``locator`` by ``values``.</doc>
<status status="NOT RUN" starttime="20220506 17:27:30.997" endtime="20220506 17:27:30.997"/>
</kw>
<kw name="Click Element" library="SeleniumLibrary">
<arg>id=login-button</arg>
<doc>Click the element identified by ``locator``.</doc>
<status status="NOT RUN" starttime="20220506 17:27:30.997" endtime="20220506 17:27:30.997"/>
</kw>
<kw name="Switch Window" library="SeleniumLibrary">
<arg>new</arg>
<doc>Switches to browser window matching ``locator``.</doc>
<status status="NOT RUN" starttime="20220506 17:27:30.997" endtime="20220506 17:27:30.997"/>
</kw>
<kw name="Click Element" library="SeleniumLibrary">
<arg>xpath=//div[text()='Messages]</arg>
<doc>Click the element identified by ``locator``.</doc>
<status status="NOT RUN" starttime="20220506 17:27:30.997" endtime="20220506 17:27:30.997"/>
</kw>
<kw name="Click Element" library="SeleniumLibrary">
<arg>link=Add New</arg>
<doc>Click the element identified by ``locator``.</doc>
<status status="NOT RUN" starttime="20220506 17:27:30.997" endtime="20220506 17:27:30.997"/>
</kw>
<kw name="Select From List By Label" library="SeleniumLibrary">
<arg>id=form_note_type</arg>
<arg>Pharmacy</arg>
<doc>Selects options from selection list ``locator`` by ``labels``.</doc>
<status status="NOT RUN" starttime="20220506 17:27:30.997" endtime="20220506 17:27:30.997"/>
</kw>
<kw name="Select From List By Label" library="SeleniumLibrary">
<arg>id=form_message_status</arg>
<arg>New</arg>
<doc>Selects options from selection list ``locator`` by ``labels``.</doc>
<status status="NOT RUN" starttime="20220506 17:27:30.997" endtime="20220506 17:27:30.997"/>
</kw>
<kw name="Select From List By Label" library="SeleniumLibrary">
<arg>id=users</arg>
<arg>Jarvis, Fred</arg>
<doc>Selects options from selection list ``locator`` by ``labels``.</doc>
<status status="NOT RUN" starttime="20220506 17:27:30.997" endtime="20220506 17:27:30.997"/>
</kw>
<kw name="Input Text" library="SeleniumLibrary">
<arg>xpath=//textarea[@id='note']</arg>
<arg>hello</arg>
<doc>Types the given ``text`` into the text field identified by ``locator``.</doc>
<status status="NOT RUN" starttime="20220506 17:27:30.997" endtime="20220506 17:27:30.997"/>
</kw>
<kw name="Click Element" library="SeleniumLibrary">
<arg>id=cancel</arg>
<doc>Click the element identified by ``locator``.</doc>
<status status="NOT RUN" starttime="20220506 17:27:30.997" endtime="20220506 17:27:30.997"/>
</kw>
<status status="FAIL" starttime="20220506 17:26:52.729" endtime="20220506 17:27:30.997">NoSuchWindowException: Message: no such window: target window already closed
from unknown error: web view not found
  (Session info: chrome=101.0.4951.54)
Stacktrace:
Backtrace:
	Ordinal0 [0x004CB8F3+2406643]
	Ordinal0 [0x0045AF31+1945393]
	Ordinal0 [0x0034C748+837448]
	Ordinal0 [0x003342B0+737968]
	Ordinal0 [0x00396C09+1141769]
	Ordinal0 [0x003A3E22+1195554]
	Ordinal0 [0x00394096+1130646]
	Ordinal0 [0x0036E636+976438]
	Ordinal0 [0x0036F546+980294]
	GetHandleVerifier [0x00739612+2498066]
	GetHandleVerifier [0x0072C920+2445600]
	GetHandleVerifier [0x00564F2A+579370]
	GetHandleVerifier [0x00563D36+574774]
	Ordinal0 [0x00461C0B+1973259]
	Ordinal0 [0x00466688+1992328]
	Ordinal0 [0x00466775+1992565]
	Ordinal0 [0x0046F8D1+2029777]
	BaseThreadInitThunk [0x7693FA29+25]
	RtlGetAppContainerNamedObjectPath [0x77A77A7E+286]
	RtlGetAppContainerNamedObjectPath [0x77A77A4E+238]
</status>
</test>
<status status="FAIL" starttime="20220506 17:26:52.041" endtime="20220506 17:27:31.012"/>
</suite>
<statistics>
<total>
<stat pass="0" fail="1" skip="0">All Tests</stat>
</total>
<tag>
</tag>
<suite>
<stat pass="0" fail="1" skip="0" id="s1" name="Demo9 Task3 Suite">Demo9 Task3 Suite</stat>
</suite>
</statistics>
<errors>
<msg timestamp="20220506 17:27:30.419" level="WARN">Keyword 'Capture Page Screenshot' could not be run on failure: Message: no such window: target window already closed
from unknown error: web view not found
  (Session info: chrome=101.0.4951.54)
Stacktrace:
Backtrace:
	Ordinal0 [0x004CB8F3+2406643]
	Ordinal0 [0x0045AF31+1945393]
	Ordinal0 [0x0034C748+837448]
	Ordinal0 [0x003342B0+737968]
	Ordinal0 [0x00396C09+1141769]
	Ordinal0 [0x003A3E22+1195554]
	Ordinal0 [0x00394096+1130646]
	Ordinal0 [0x0036E636+976438]
	Ordinal0 [0x0036F546+980294]
	GetHandleVerifier [0x00739612+2498066]
	GetHandleVerifier [0x0072C920+2445600]
	GetHandleVerifier [0x00564F2A+579370]
	GetHandleVerifier [0x00563D36+574774]
	Ordinal0 [0x00461C0B+1973259]
	Ordinal0 [0x00466688+1992328]
	Ordinal0 [0x00466775+1992565]
	Ordinal0 [0x0046F8D1+2029777]
	BaseThreadInitThunk [0x7693FA29+25]
	RtlGetAppContainerNamedObjectPath [0x77A77A7E+286]
	RtlGetAppContainerNamedObjectPath [0x77A77A4E+238]
</msg>
</errors>
</robot>
